[2014-03-11 11:02:14] START
[2014-03-11 11:58:45] EDIT ShwRegistratieDef/controllers/contact.py: 0
[2014-03-11 11:59:19] EDIT ShwRegistratieDef/controllers/contact.py: 0
[2014-03-11 11:59:21] EDIT ShwRegistratieDef/controllers/contact.py: 0
[2014-03-11 12:00:14] EDIT ShwRegistratieDef/controllers/contact.py: 0
[2014-03-11 12:00:37] EDIT ShwRegistratieDef/controllers/contact.py: 0
[2014-03-11 12:22:50] EDIT ShwRegistratieDef/controllers/contact.py: 0
[2014-03-11 12:23:11] EDIT ShwRegistratieDef/controllers/contact.py: 0
[2014-03-11 14:43:00] EDIT ShwRegistratieDef/controllers/manager_overview.py: 0
[2014-03-11 14:43:13] EDIT ShwRegistratieDef/controllers/manager_overview.py: 0
[2014-03-11 14:43:16] EDIT ShwRegistratieDef/controllers/manager_overview.py: 0
[2014-03-11 14:43:45] EDIT ShwRegistratieDef/controllers/manager_overview.py: 0
[2014-03-11 14:43:47] EDIT ShwRegistratieDef/controllers/manager_overview.py: 0
[2014-03-11 14:44:50] EDIT ShwRegistratieDef/controllers/manager_overview.py: 0
[2014-03-11 14:44:52] EDIT ShwRegistratieDef/controllers/manager_overview.py: 0
[2014-03-11 14:44:52] EDIT ShwRegistratieDef/controllers/manager_overview.py: 0
[2014-03-11 14:44:52] EDIT ShwRegistratieDef/controllers/manager_overview.py: 0
[2014-03-11 14:44:52] EDIT ShwRegistratieDef/controllers/manager_overview.py: 0
[2014-03-11 14:46:37] EDIT ShwRegistratieDef/controllers/manager_overview.py: 0
[2014-03-11 14:47:17] EDIT ShwRegistratieDef/controllers/manager_overview.py: 0
[2014-03-11 14:47:18] EDIT ShwRegistratieDef/controllers/manager_overview.py: 0
[2014-03-11 14:47:36] EDIT ShwRegistratieDef/controllers/manager_overview.py: 0
[2014-03-11 14:47:38] EDIT ShwRegistratieDef/controllers/manager_overview.py: 0
[2014-03-11 14:47:38] EDIT ShwRegistratieDef/controllers/manager_overview.py: 0
[2014-03-11 14:47:39] EDIT ShwRegistratieDef/controllers/manager_overview.py: 0
[2014-03-11 14:47:39] EDIT ShwRegistratieDef/controllers/manager_overview.py: 0
[2014-03-11 14:47:39] EDIT ShwRegistratieDef/controllers/manager_overview.py: 0
[2014-03-11 14:47:39] EDIT ShwRegistratieDef/controllers/manager_overview.py: 0
[2014-03-11 14:47:39] EDIT ShwRegistratieDef/controllers/manager_overview.py: 0
[2014-03-11 14:47:40] EDIT ShwRegistratieDef/controllers/manager_overview.py: 0
[2014-03-11 14:47:40] EDIT ShwRegistratieDef/controllers/manager_overview.py: 0
[2014-03-11 14:47:40] EDIT ShwRegistratieDef/controllers/manager_overview.py: 0
[2014-03-11 14:47:40] EDIT ShwRegistratieDef/controllers/manager_overview.py: 0
[2014-03-11 14:47:40] EDIT ShwRegistratieDef/controllers/manager_overview.py: 0
[2014-03-11 14:53:51] EDIT ShwRegistratieDef/controllers/manager_overview.py: 0
[2014-03-11 14:54:33] EDIT ShwRegistratieDef/controllers/manager_overview.py: 0
[2014-03-11 14:54:35] EDIT ShwRegistratieDef/controllers/manager_overview.py: 0
[2014-03-24 19:04:28] EDIT ShwRegistratieDef/controllers/manager_overview.py: 0
[2014-03-24 19:06:17] EDIT ShwRegistratieDef/controllers/manager_overview.py: 0
[2014-03-24 19:09:27] EDIT ShwRegistratieDef/controllers/manager_overview.py: 0
[2014-03-24 19:10:00] EDIT ShwRegistratieDef/controllers/manager_overview.py: 0
[2014-07-08 13:39:44] EDIT ShwDef/models/db.py: 0
[2015-02-13 10:18:45] EDIT ShwDef/models/db.py: 0
[2015-02-27 14:24:55] EDIT ShwDef/models/db.py: 0
[2015-03-02 16:02:48] EDIT ShwDef/controllers/manager_overview.py: 0
[2015-03-02 16:07:19] EDIT ShwDef/controllers/manager_overview.py: 0
[2015-03-02 16:07:28] EDIT ShwDef/controllers/manager_overview.py: 0
[2015-03-02 16:07:34] EDIT ShwDef/controllers/manager_overview.py: 0
[2015-03-02 16:08:01] EDIT ShwDef/controllers/manager_overview.py: 0
[2015-03-02 16:10:57] EDIT ShwDef/controllers/manager_overview.py: 0
[2015-03-26 12:16:28] EDIT ShwDef/controllers/manager_overview.py: 0
[2015-03-26 12:16:50] EDIT ShwDef/controllers/manager_overview.py: 0
[2015-03-26 12:16:54] EDIT ShwDef/controllers/manager_overview.py: 0
[2015-03-26 12:19:52] EDIT ShwDef/controllers/manager_overview.py: -1
[2015-03-26 12:19:53] EDIT ShwDef/controllers/manager_overview.py: 0
[2015-03-26 12:19:54] EDIT ShwDef/controllers/manager_overview.py: 0
[2015-03-26 12:19:54] EDIT ShwDef/controllers/manager_overview.py: 0
[2015-03-26 12:19:54] EDIT ShwDef/controllers/manager_overview.py: 0
[2015-03-26 12:20:25] EDIT ShwDef/controllers/manager_overview.py: 0
[2015-03-26 12:21:59] EDIT ShwDef/controllers/manager_overview.py: 0
[2015-03-27 11:17:05] EDIT ShwDef/controllers/manager_overview.py: 0
[2015-03-27 11:17:24] EDIT ShwDef/controllers/manager_overview.py: 0
[2015-03-27 11:17:34] EDIT ShwDef/controllers/manager_overview.py: 0
[2015-03-27 11:17:43] EDIT ShwDef/controllers/manager_overview.py: 0
[2015-04-03 09:39:29] EDIT ShwDef/models/db.py: 0
[2015-04-03 09:40:33] EDIT ShwDef/models/db.py: 0
